0 info it worked if it ends with ok
1 verbose cli [ '/usr/local/Cellar/node/5.5.0/bin/node',
1 verbose cli   '/usr/local/bin/npm',
1 verbose cli   'install' ]
2 info using npm@3.5.3
3 info using node@v5.5.0
4 silly loadCurrentTree Starting
5 silly install loadCurrentTree
6 silly install readLocalPackageData
7 silly install normalizeTree
8 silly loadCurrentTree Finishing
9 silly loadIdealTree Starting
10 silly install loadIdealTree
11 silly cloneCurrentTree Starting
12 silly install cloneCurrentTreeToIdealTree
13 silly cloneCurrentTree Finishing
14 silly loadShrinkwrap Starting
15 silly install loadShrinkwrap
16 silly loadShrinkwrap Finishing
17 silly loadAllDepsIntoIdealTree Starting
18 silly install loadAllDepsIntoIdealTree
19 silly fetchNamedPackageData babel-brunch
20 silly mapToRegistry name babel-brunch
21 silly mapToRegistry using default registry
22 silly mapToRegistry registry https://registry.npmjs.org/
23 silly mapToRegistry uri https://registry.npmjs.org/babel-brunch
24 silly fetchNamedPackageData brunch
25 silly mapToRegistry name brunch
26 silly mapToRegistry using default registry
27 silly mapToRegistry registry https://registry.npmjs.org/
28 silly mapToRegistry uri https://registry.npmjs.org/brunch
29 silly fetchNamedPackageData clean-css-brunch
30 silly mapToRegistry name clean-css-brunch
31 silly mapToRegistry using default registry
32 silly mapToRegistry registry https://registry.npmjs.org/
33 silly mapToRegistry uri https://registry.npmjs.org/clean-css-brunch
34 silly fetchNamedPackageData css-brunch
35 silly mapToRegistry name css-brunch
36 silly mapToRegistry using default registry
37 silly mapToRegistry registry https://registry.npmjs.org/
38 silly mapToRegistry uri https://registry.npmjs.org/css-brunch
39 silly fetchNamedPackageData javascript-brunch
40 silly mapToRegistry name javascript-brunch
41 silly mapToRegistry using default registry
42 silly mapToRegistry registry https://registry.npmjs.org/
43 silly mapToRegistry uri https://registry.npmjs.org/javascript-brunch
44 silly fetchNamedPackageData uglify-js-brunch
45 silly mapToRegistry name uglify-js-brunch
46 silly mapToRegistry using default registry
47 silly mapToRegistry registry https://registry.npmjs.org/
48 silly mapToRegistry uri https://registry.npmjs.org/uglify-js-brunch
49 silly fetchOtherPackageData phoenix@file:../../deps/phoenix
50 silly cache add args [ 'phoenix@file:../../deps/phoenix', null ]
51 verbose cache add spec phoenix@file:../../deps/phoenix
52 silly fetchOtherPackageData phoenix_html@file:../../deps/phoenix_html
53 silly cache add args [ 'phoenix_html@file:../../deps/phoenix_html', null ]
54 verbose cache add spec phoenix_html@file:../../deps/phoenix_html
55 silly cache add parsed spec Result {
55 silly cache add   raw: 'phoenix@file:../../deps/phoenix',
55 silly cache add   scope: null,
55 silly cache add   name: 'phoenix',
55 silly cache add   rawSpec: 'file:../../deps/phoenix',
55 silly cache add   spec: '/Users/tterrell/Projects/iiifworks/deps/phoenix',
55 silly cache add   type: 'local' }
56 silly cache add parsed spec Result {
56 silly cache add   raw: 'phoenix_html@file:../../deps/phoenix_html',
56 silly cache add   scope: null,
56 silly cache add   name: 'phoenix_html',
56 silly cache add   rawSpec: 'file:../../deps/phoenix_html',
56 silly cache add   spec: '/Users/tterrell/Projects/iiifworks/deps/phoenix_html',
56 silly cache add   type: 'local' }
57 error addLocal Could not install /Users/tterrell/Projects/iiifworks/deps/phoenix
58 silly fetchPackageMetaData Error: ENOENT: no such file or directory, open '/Users/tterrell/Projects/iiifworks/deps/phoenix'
58 silly fetchPackageMetaData     at Error (native)
58 silly fetchPackageMetaData  error for phoenix@file:../../deps/phoenix { [Error: ENOENT: no such file or directory, open '/Users/tterrell/Projects/iiifworks/deps/phoenix']
58 silly fetchPackageMetaData   errno: -2,
58 silly fetchPackageMetaData   code: 'ENOENT',
58 silly fetchPackageMetaData   syscall: 'open',
58 silly fetchPackageMetaData   path: '/Users/tterrell/Projects/iiifworks/deps/phoenix' }
59 error addLocal Could not install /Users/tterrell/Projects/iiifworks/deps/phoenix_html
60 silly fetchPackageMetaData Error: ENOENT: no such file or directory, open '/Users/tterrell/Projects/iiifworks/deps/phoenix_html'
60 silly fetchPackageMetaData     at Error (native)
60 silly fetchPackageMetaData  error for phoenix_html@file:../../deps/phoenix_html { [Error: ENOENT: no such file or directory, open '/Users/tterrell/Projects/iiifworks/deps/phoenix_html']
60 silly fetchPackageMetaData   errno: -2,
60 silly fetchPackageMetaData   code: 'ENOENT',
60 silly fetchPackageMetaData   syscall: 'open',
60 silly fetchPackageMetaData   path: '/Users/tterrell/Projects/iiifworks/deps/phoenix_html' }
61 verbose request uri https://registry.npmjs.org/babel-brunch
62 verbose request no auth needed
63 info attempt registry request try #1 at 1:08:34 PM
64 verbose request id 719c024f89c40fa9
65 verbose etag "5M4803D7H9K8KRL0WQVVC35Y6"
66 http request GET https://registry.npmjs.org/babel-brunch
67 verbose request uri https://registry.npmjs.org/clean-css-brunch
68 verbose request no auth needed
69 info attempt registry request try #1 at 1:08:34 PM
70 verbose etag "5MPZPCMAI74IWZRADCMJFIHZW"
71 http request GET https://registry.npmjs.org/clean-css-brunch
72 verbose request uri https://registry.npmjs.org/javascript-brunch
73 verbose request no auth needed
74 info attempt registry request try #1 at 1:08:34 PM
75 verbose etag "29I869TOMAOKBX6F9X34ADN83"
76 http request GET https://registry.npmjs.org/javascript-brunch
77 verbose request uri https://registry.npmjs.org/css-brunch
78 verbose request no auth needed
79 info attempt registry request try #1 at 1:08:34 PM
80 verbose etag "3MLMEF015LTF3ST910NBEPF6Z"
81 http request GET https://registry.npmjs.org/css-brunch
82 verbose request uri https://registry.npmjs.org/brunch
83 verbose request no auth needed
84 info attempt registry request try #1 at 1:08:34 PM
85 verbose etag "4U5II9RE4CW41TTPKX9DKAHZ4"
86 http request GET https://registry.npmjs.org/brunch
87 verbose request uri https://registry.npmjs.org/uglify-js-brunch
88 verbose request no auth needed
89 info attempt registry request try #1 at 1:08:34 PM
90 verbose etag "13FU9J8Y5W216UTLU2ZRS4T4M"
91 http request GET https://registry.npmjs.org/uglify-js-brunch
92 http 304 https://registry.npmjs.org/babel-brunch
93 verbose headers { date: 'Tue, 08 Mar 2016 21:08:35 GMT',
93 verbose headers   via: '1.1 varnish',
93 verbose headers   'cache-control': 'max-age=300',
93 verbose headers   etag: '"5M4803D7H9K8KRL0WQVVC35Y6"',
93 verbose headers   age: '0',
93 verbose headers   connection: 'keep-alive',
93 verbose headers   'x-served-by': 'cache-sjc3132-SJC',
93 verbose headers   'x-cache': 'HIT',
93 verbose headers   'x-cache-hits': '1',
93 verbose headers   'x-timer': 'S1457471315.388630,VS0,VE42',
93 verbose headers   vary: 'Accept' }
94 silly get cb [ 304,
94 silly get   { date: 'Tue, 08 Mar 2016 21:08:35 GMT',
94 silly get     via: '1.1 varnish',
94 silly get     'cache-control': 'max-age=300',
94 silly get     etag: '"5M4803D7H9K8KRL0WQVVC35Y6"',
94 silly get     age: '0',
94 silly get     connection: 'keep-alive',
94 silly get     'x-served-by': 'cache-sjc3132-SJC',
94 silly get     'x-cache': 'HIT',
94 silly get     'x-cache-hits': '1',
94 silly get     'x-timer': 'S1457471315.388630,VS0,VE42',
94 silly get     vary: 'Accept' } ]
95 verbose etag https://registry.npmjs.org/babel-brunch from cache
96 verbose get saving babel-brunch to /Users/tterrell/.npm/registry.npmjs.org/babel-brunch/.cache.json
97 silly resolveWithNewModule babel-brunch@6.0.2 checking installable status
98 silly cache add args [ 'babel-brunch@~6.0.0', null ]
99 verbose cache add spec babel-brunch@~6.0.0
100 silly cache add parsed spec Result {
100 silly cache add   raw: 'babel-brunch@~6.0.0',
100 silly cache add   scope: null,
100 silly cache add   name: 'babel-brunch',
100 silly cache add   rawSpec: '~6.0.0',
100 silly cache add   spec: '>=6.0.0 <6.1.0',
100 silly cache add   type: 'range' }
101 silly addNamed babel-brunch@>=6.0.0 <6.1.0
102 verbose addNamed ">=6.0.0 <6.1.0" is a valid semver range for babel-brunch
103 silly addNameRange { name: 'babel-brunch', range: '>=6.0.0 <6.1.0', hasData: false }
104 silly mapToRegistry name babel-brunch
105 silly mapToRegistry using default registry
106 silly mapToRegistry registry https://registry.npmjs.org/
107 silly mapToRegistry uri https://registry.npmjs.org/babel-brunch
108 verbose addNameRange registry:https://registry.npmjs.org/babel-brunch not in flight; fetching
109 verbose get https://registry.npmjs.org/babel-brunch not expired, no request
110 silly addNameRange number 2 { name: 'babel-brunch', range: '>=6.0.0 <6.1.0', hasData: true }
111 silly addNameRange versions [ 'babel-brunch',
111 silly addNameRange   [ '4.0.0',
111 silly addNameRange     '5.0.0',
111 silly addNameRange     '5.0.1',
111 silly addNameRange     '5.1.0',
111 silly addNameRange     '5.1.1',
111 silly addNameRange     '5.1.2',
111 silly addNameRange     '6.0.0',
111 silly addNameRange     '6.0.1',
111 silly addNameRange     '6.0.2' ] ]
112 silly addNamed babel-brunch@6.0.2
113 verbose addNamed "6.0.2" is a plain semver version for babel-brunch
114 silly cache afterAdd babel-brunch@6.0.2
115 verbose afterAdd /Users/tterrell/.npm/babel-brunch/6.0.2/package/package.json not in flight; writing
116 verbose afterAdd /Users/tterrell/.npm/babel-brunch/6.0.2/package/package.json written
117 http 304 https://registry.npmjs.org/css-brunch
118 verbose headers { date: 'Tue, 08 Mar 2016 21:08:35 GMT',
118 verbose headers   via: '1.1 varnish',
118 verbose headers   'cache-control': 'max-age=300',
118 verbose headers   etag: '"3MLMEF015LTF3ST910NBEPF6Z"',
118 verbose headers   age: '0',
118 verbose headers   connection: 'keep-alive',
118 verbose headers   'x-served-by': 'cache-sjc3133-SJC',
118 verbose headers   'x-cache': 'HIT',
118 verbose headers   'x-cache-hits': '1',
118 verbose headers   'x-timer': 'S1457471315.390510,VS0,VE87',
118 verbose headers   vary: 'Accept' }
119 silly get cb [ 304,
119 silly get   { date: 'Tue, 08 Mar 2016 21:08:35 GMT',
119 silly get     via: '1.1 varnish',
119 silly get     'cache-control': 'max-age=300',
119 silly get     etag: '"3MLMEF015LTF3ST910NBEPF6Z"',
119 silly get     age: '0',
119 silly get     connection: 'keep-alive',
119 silly get     'x-served-by': 'cache-sjc3133-SJC',
119 silly get     'x-cache': 'HIT',
119 silly get     'x-cache-hits': '1',
119 silly get     'x-timer': 'S1457471315.390510,VS0,VE87',
119 silly get     vary: 'Accept' } ]
120 verbose etag https://registry.npmjs.org/css-brunch from cache
121 verbose get saving css-brunch to /Users/tterrell/.npm/registry.npmjs.org/css-brunch/.cache.json
122 http 304 https://registry.npmjs.org/uglify-js-brunch
123 verbose headers { date: 'Tue, 08 Mar 2016 21:08:35 GMT',
123 verbose headers   via: '1.1 varnish',
123 verbose headers   'cache-control': 'max-age=300',
123 verbose headers   etag: '"13FU9J8Y5W216UTLU2ZRS4T4M"',
123 verbose headers   age: '0',
123 verbose headers   connection: 'keep-alive',
123 verbose headers   'x-served-by': 'cache-sjc3135-SJC',
123 verbose headers   'x-cache': 'HIT',
123 verbose headers   'x-cache-hits': '1',
123 verbose headers   'x-timer': 'S1457471315.396545,VS0,VE87',
123 verbose headers   vary: 'Accept' }
124 silly get cb [ 304,
124 silly get   { date: 'Tue, 08 Mar 2016 21:08:35 GMT',
124 silly get     via: '1.1 varnish',
124 silly get     'cache-control': 'max-age=300',
124 silly get     etag: '"13FU9J8Y5W216UTLU2ZRS4T4M"',
124 silly get     age: '0',
124 silly get     connection: 'keep-alive',
124 silly get     'x-served-by': 'cache-sjc3135-SJC',
124 silly get     'x-cache': 'HIT',
124 silly get     'x-cache-hits': '1',
124 silly get     'x-timer': 'S1457471315.396545,VS0,VE87',
124 silly get     vary: 'Accept' } ]
125 verbose etag https://registry.npmjs.org/uglify-js-brunch from cache
126 verbose get saving uglify-js-brunch to /Users/tterrell/.npm/registry.npmjs.org/uglify-js-brunch/.cache.json
127 silly resolveWithNewModule css-brunch@1.7.0 checking installable status
128 silly cache add args [ 'css-brunch@~1.7.0', null ]
129 verbose cache add spec css-brunch@~1.7.0
130 silly cache add parsed spec Result {
130 silly cache add   raw: 'css-brunch@~1.7.0',
130 silly cache add   scope: null,
130 silly cache add   name: 'css-brunch',
130 silly cache add   rawSpec: '~1.7.0',
130 silly cache add   spec: '>=1.7.0 <1.8.0',
130 silly cache add   type: 'range' }
131 silly addNamed css-brunch@>=1.7.0 <1.8.0
132 verbose addNamed ">=1.7.0 <1.8.0" is a valid semver range for css-brunch
133 silly addNameRange { name: 'css-brunch', range: '>=1.7.0 <1.8.0', hasData: false }
134 silly mapToRegistry name css-brunch
135 silly mapToRegistry using default registry
136 silly mapToRegistry registry https://registry.npmjs.org/
137 silly mapToRegistry uri https://registry.npmjs.org/css-brunch
138 verbose addNameRange registry:https://registry.npmjs.org/css-brunch not in flight; fetching
139 verbose get https://registry.npmjs.org/css-brunch not expired, no request
140 silly addNameRange number 2 { name: 'css-brunch', range: '>=1.7.0 <1.8.0', hasData: true }
141 silly addNameRange versions [ 'css-brunch',
141 silly addNameRange   [ '1.0.0',
141 silly addNameRange     '1.1.0',
141 silly addNameRange     '1.1.1',
141 silly addNameRange     '1.3.0',
141 silly addNameRange     '1.5.0',
141 silly addNameRange     '1.5.1',
141 silly addNameRange     '1.6.0',
141 silly addNameRange     '1.7.0',
141 silly addNameRange     '2.0.0' ] ]
142 silly addNamed css-brunch@1.7.0
143 verbose addNamed "1.7.0" is a plain semver version for css-brunch
144 silly resolveWithNewModule uglify-js-brunch@1.7.8 checking installable status
145 silly cache add args [ 'uglify-js-brunch@~1.7.0', null ]
146 verbose cache add spec uglify-js-brunch@~1.7.0
147 silly cache add parsed spec Result {
147 silly cache add   raw: 'uglify-js-brunch@~1.7.0',
147 silly cache add   scope: null,
147 silly cache add   name: 'uglify-js-brunch',
147 silly cache add   rawSpec: '~1.7.0',
147 silly cache add   spec: '>=1.7.0 <1.8.0',
147 silly cache add   type: 'range' }
148 silly addNamed uglify-js-brunch@>=1.7.0 <1.8.0
149 verbose addNamed ">=1.7.0 <1.8.0" is a valid semver range for uglify-js-brunch
150 silly addNameRange { name: 'uglify-js-brunch',
150 silly addNameRange   range: '>=1.7.0 <1.8.0',
150 silly addNameRange   hasData: false }
151 silly mapToRegistry name uglify-js-brunch
152 silly mapToRegistry using default registry
153 silly mapToRegistry registry https://registry.npmjs.org/
154 silly mapToRegistry uri https://registry.npmjs.org/uglify-js-brunch
155 verbose addNameRange registry:https://registry.npmjs.org/uglify-js-brunch not in flight; fetching
156 verbose get https://registry.npmjs.org/uglify-js-brunch not expired, no request
157 silly addNameRange number 2 { name: 'uglify-js-brunch',
157 silly addNameRange   range: '>=1.7.0 <1.8.0',
157 silly addNameRange   hasData: true }
158 silly addNameRange versions [ 'uglify-js-brunch',
158 silly addNameRange   [ '1.0.0',
158 silly addNameRange     '1.1.0',
158 silly addNameRange     '1.1.1',
158 silly addNameRange     '1.3.0',
158 silly addNameRange     '1.3.1',
158 silly addNameRange     '1.5.0',
158 silly addNameRange     '1.5.1',
158 silly addNameRange     '1.7.0',
158 silly addNameRange     '1.7.1',
158 silly addNameRange     '1.7.2',
158 silly addNameRange     '1.7.3',
158 silly addNameRange     '1.7.4',
158 silly addNameRange     '1.7.5',
158 silly addNameRange     '1.7.6',
158 silly addNameRange     '1.7.7',
158 silly addNameRange     '1.7.8',
158 silly addNameRange     '2.0.0',
158 silly addNameRange     '2.0.1' ] ]
159 silly addNamed uglify-js-brunch@1.7.8
160 verbose addNamed "1.7.8" is a plain semver version for uglify-js-brunch
161 silly cache afterAdd css-brunch@1.7.0
162 verbose afterAdd /Users/tterrell/.npm/css-brunch/1.7.0/package/package.json not in flight; writing
163 silly cache afterAdd uglify-js-brunch@1.7.8
164 verbose afterAdd /Users/tterrell/.npm/uglify-js-brunch/1.7.8/package/package.json not in flight; writing
165 verbose afterAdd /Users/tterrell/.npm/css-brunch/1.7.0/package/package.json written
166 verbose afterAdd /Users/tterrell/.npm/uglify-js-brunch/1.7.8/package/package.json written
167 http 304 https://registry.npmjs.org/javascript-brunch
168 verbose headers { date: 'Tue, 08 Mar 2016 21:08:35 GMT',
168 verbose headers   via: '1.1 varnish',
168 verbose headers   'cache-control': 'max-age=300',
168 verbose headers   etag: '"29I869TOMAOKBX6F9X34ADN83"',
168 verbose headers   age: '0',
168 verbose headers   connection: 'keep-alive',
168 verbose headers   'x-served-by': 'cache-sjc3130-SJC',
168 verbose headers   'x-cache': 'HIT',
168 verbose headers   'x-cache-hits': '1',
168 verbose headers   'x-timer': 'S1457471315.533104,VS0,VE50',
168 verbose headers   vary: 'Accept' }
169 silly get cb [ 304,
169 silly get   { date: 'Tue, 08 Mar 2016 21:08:35 GMT',
169 silly get     via: '1.1 varnish',
169 silly get     'cache-control': 'max-age=300',
169 silly get     etag: '"29I869TOMAOKBX6F9X34ADN83"',
169 silly get     age: '0',
169 silly get     connection: 'keep-alive',
169 silly get     'x-served-by': 'cache-sjc3130-SJC',
169 silly get     'x-cache': 'HIT',
169 silly get     'x-cache-hits': '1',
169 silly get     'x-timer': 'S1457471315.533104,VS0,VE50',
169 silly get     vary: 'Accept' } ]
170 verbose etag https://registry.npmjs.org/javascript-brunch from cache
171 verbose get saving javascript-brunch to /Users/tterrell/.npm/registry.npmjs.org/javascript-brunch/.cache.json
172 silly resolveWithNewModule javascript-brunch@1.8.0 checking installable status
173 silly cache add args [ 'javascript-brunch@~1.8.0', null ]
174 verbose cache add spec javascript-brunch@~1.8.0
175 silly cache add parsed spec Result {
175 silly cache add   raw: 'javascript-brunch@~1.8.0',
175 silly cache add   scope: null,
175 silly cache add   name: 'javascript-brunch',
175 silly cache add   rawSpec: '~1.8.0',
175 silly cache add   spec: '>=1.8.0 <1.9.0',
175 silly cache add   type: 'range' }
176 silly addNamed javascript-brunch@>=1.8.0 <1.9.0
177 verbose addNamed ">=1.8.0 <1.9.0" is a valid semver range for javascript-brunch
178 silly addNameRange { name: 'javascript-brunch',
178 silly addNameRange   range: '>=1.8.0 <1.9.0',
178 silly addNameRange   hasData: false }
179 silly mapToRegistry name javascript-brunch
180 silly mapToRegistry using default registry
181 silly mapToRegistry registry https://registry.npmjs.org/
182 silly mapToRegistry uri https://registry.npmjs.org/javascript-brunch
183 verbose addNameRange registry:https://registry.npmjs.org/javascript-brunch not in flight; fetching
184 verbose get https://registry.npmjs.org/javascript-brunch not expired, no request
185 silly addNameRange number 2 { name: 'javascript-brunch',
185 silly addNameRange   range: '>=1.8.0 <1.9.0',
185 silly addNameRange   hasData: true }
186 silly addNameRange versions [ 'javascript-brunch',
186 silly addNameRange   [ '1.0.0',
186 silly addNameRange     '1.1.0',
186 silly addNameRange     '1.1.1',
186 silly addNameRange     '1.3.0',
186 silly addNameRange     '1.5.0',
186 silly addNameRange     '1.5.1',
186 silly addNameRange     '1.6.0',
186 silly addNameRange     '1.7.0',
186 silly addNameRange     '1.7.1',
186 silly addNameRange     '1.8.0',
186 silly addNameRange     '2.0.0' ] ]
187 silly addNamed javascript-brunch@1.8.0
188 verbose addNamed "1.8.0" is a plain semver version for javascript-brunch
189 silly cache afterAdd javascript-brunch@1.8.0
190 verbose afterAdd /Users/tterrell/.npm/javascript-brunch/1.8.0/package/package.json not in flight; writing
191 verbose afterAdd /Users/tterrell/.npm/javascript-brunch/1.8.0/package/package.json written
192 http 304 https://registry.npmjs.org/clean-css-brunch
193 verbose headers { date: 'Tue, 08 Mar 2016 21:08:35 GMT',
193 verbose headers   via: '1.1 varnish',
193 verbose headers   'cache-control': 'max-age=300',
193 verbose headers   etag: '"5MPZPCMAI74IWZRADCMJFIHZW"',
193 verbose headers   age: '0',
193 verbose headers   connection: 'keep-alive',
193 verbose headers   'x-served-by': 'cache-sjc3130-SJC',
193 verbose headers   'x-cache': 'HIT',
193 verbose headers   'x-cache-hits': '1',
193 verbose headers   'x-timer': 'S1457471315.380586,VS0,VE350',
193 verbose headers   vary: 'Accept' }
194 silly get cb [ 304,
194 silly get   { date: 'Tue, 08 Mar 2016 21:08:35 GMT',
194 silly get     via: '1.1 varnish',
194 silly get     'cache-control': 'max-age=300',
194 silly get     etag: '"5MPZPCMAI74IWZRADCMJFIHZW"',
194 silly get     age: '0',
194 silly get     connection: 'keep-alive',
194 silly get     'x-served-by': 'cache-sjc3130-SJC',
194 silly get     'x-cache': 'HIT',
194 silly get     'x-cache-hits': '1',
194 silly get     'x-timer': 'S1457471315.380586,VS0,VE350',
194 silly get     vary: 'Accept' } ]
195 verbose etag https://registry.npmjs.org/clean-css-brunch from cache
196 verbose get saving clean-css-brunch to /Users/tterrell/.npm/registry.npmjs.org/clean-css-brunch/.cache.json
197 silly resolveWithNewModule clean-css-brunch@1.8.0 checking installable status
198 silly cache add args [ 'clean-css-brunch@~1.8.0', null ]
199 verbose cache add spec clean-css-brunch@~1.8.0
200 silly cache add parsed spec Result {
200 silly cache add   raw: 'clean-css-brunch@~1.8.0',
200 silly cache add   scope: null,
200 silly cache add   name: 'clean-css-brunch',
200 silly cache add   rawSpec: '~1.8.0',
200 silly cache add   spec: '>=1.8.0 <1.9.0',
200 silly cache add   type: 'range' }
201 silly addNamed clean-css-brunch@>=1.8.0 <1.9.0
202 verbose addNamed ">=1.8.0 <1.9.0" is a valid semver range for clean-css-brunch
203 silly addNameRange { name: 'clean-css-brunch',
203 silly addNameRange   range: '>=1.8.0 <1.9.0',
203 silly addNameRange   hasData: false }
204 silly mapToRegistry name clean-css-brunch
205 silly mapToRegistry using default registry
206 silly mapToRegistry registry https://registry.npmjs.org/
207 silly mapToRegistry uri https://registry.npmjs.org/clean-css-brunch
208 verbose addNameRange registry:https://registry.npmjs.org/clean-css-brunch not in flight; fetching
209 verbose get https://registry.npmjs.org/clean-css-brunch not expired, no request
210 silly addNameRange number 2 { name: 'clean-css-brunch',
210 silly addNameRange   range: '>=1.8.0 <1.9.0',
210 silly addNameRange   hasData: true }
211 silly addNameRange versions [ 'clean-css-brunch',
211 silly addNameRange   [ '1.0.0',
211 silly addNameRange     '1.1.0',
211 silly addNameRange     '1.1.1',
211 silly addNameRange     '1.3.0',
211 silly addNameRange     '1.4.0',
211 silly addNameRange     '1.5.0',
211 silly addNameRange     '1.5.1',
211 silly addNameRange     '1.6.0',
211 silly addNameRange     '1.7.0',
211 silly addNameRange     '1.7.1',
211 silly addNameRange     '1.7.2',
211 silly addNameRange     '1.8.0',
211 silly addNameRange     '2.0.0' ] ]
212 silly addNamed clean-css-brunch@1.8.0
213 verbose addNamed "1.8.0" is a plain semver version for clean-css-brunch
214 silly cache afterAdd clean-css-brunch@1.8.0
215 verbose afterAdd /Users/tterrell/.npm/clean-css-brunch/1.8.0/package/package.json not in flight; writing
216 verbose afterAdd /Users/tterrell/.npm/clean-css-brunch/1.8.0/package/package.json written
217 http 304 https://registry.npmjs.org/brunch
218 verbose headers { date: 'Tue, 08 Mar 2016 21:08:35 GMT',
218 verbose headers   via: '1.1 varnish',
218 verbose headers   'cache-control': 'max-age=300',
218 verbose headers   etag: '"4U5II9RE4CW41TTPKX9DKAHZ4"',
218 verbose headers   age: '0',
218 verbose headers   connection: 'keep-alive',
218 verbose headers   'x-served-by': 'cache-sjc3133-SJC',
218 verbose headers   'x-cache': 'HIT',
218 verbose headers   'x-cache-hits': '1',
218 verbose headers   'x-timer': 'S1457471315.390562,VS0,VE351',
218 verbose headers   vary: 'Accept' }
219 silly get cb [ 304,
219 silly get   { date: 'Tue, 08 Mar 2016 21:08:35 GMT',
219 silly get     via: '1.1 varnish',
219 silly get     'cache-control': 'max-age=300',
219 silly get     etag: '"4U5II9RE4CW41TTPKX9DKAHZ4"',
219 silly get     age: '0',
219 silly get     connection: 'keep-alive',
219 silly get     'x-served-by': 'cache-sjc3133-SJC',
219 silly get     'x-cache': 'HIT',
219 silly get     'x-cache-hits': '1',
219 silly get     'x-timer': 'S1457471315.390562,VS0,VE351',
219 silly get     vary: 'Accept' } ]
220 verbose etag https://registry.npmjs.org/brunch from cache
221 verbose get saving brunch to /Users/tterrell/.npm/registry.npmjs.org/brunch/.cache.json
222 silly resolveWithNewModule brunch@2.1.3 checking installable status
223 silly cache add args [ 'brunch@~2.1.3', null ]
224 verbose cache add spec brunch@~2.1.3
225 silly cache add parsed spec Result {
225 silly cache add   raw: 'brunch@~2.1.3',
225 silly cache add   scope: null,
225 silly cache add   name: 'brunch',
225 silly cache add   rawSpec: '~2.1.3',
225 silly cache add   spec: '>=2.1.3 <2.2.0',
225 silly cache add   type: 'range' }
226 silly addNamed brunch@>=2.1.3 <2.2.0
227 verbose addNamed ">=2.1.3 <2.2.0" is a valid semver range for brunch
228 silly addNameRange { name: 'brunch', range: '>=2.1.3 <2.2.0', hasData: false }
229 silly mapToRegistry name brunch
230 silly mapToRegistry using default registry
231 silly mapToRegistry registry https://registry.npmjs.org/
232 silly mapToRegistry uri https://registry.npmjs.org/brunch
233 verbose addNameRange registry:https://registry.npmjs.org/brunch not in flight; fetching
234 verbose get https://registry.npmjs.org/brunch not expired, no request
235 silly addNameRange number 2 { name: 'brunch', range: '>=2.1.3 <2.2.0', hasData: true }
236 silly addNameRange versions [ 'brunch',
236 silly addNameRange   [ '0.0.1',
236 silly addNameRange     '0.0.2',
236 silly addNameRange     '0.0.3',
236 silly addNameRange     '0.0.4',
236 silly addNameRange     '0.0.5',
236 silly addNameRange     '0.0.6',
236 silly addNameRange     '0.0.7',
236 silly addNameRange     '0.0.8',
236 silly addNameRange     '0.1.0',
236 silly addNameRange     '0.1.1',
236 silly addNameRange     '0.1.3',
236 silly addNameRange     '0.1.4',
236 silly addNameRange     '0.1.5',
236 silly addNameRange     '0.1.6',
236 silly addNameRange     '0.1.7',
236 silly addNameRange     '0.1.8',
236 silly addNameRange     '0.1.9',
236 silly addNameRange     '0.2.0',
236 silly addNameRange     '0.2.1',
236 silly addNameRange     '0.2.2',
236 silly addNameRange     '0.2.3',
236 silly addNameRange     '0.2.4',
236 silly addNameRange     '0.2.6',
236 silly addNameRange     '0.2.7',
236 silly addNameRange     '0.2.8',
236 silly addNameRange     '0.3.0',
236 silly addNameRange     '0.3.1',
236 silly addNameRange     '0.3.2',
236 silly addNameRange     '0.3.4',
236 silly addNameRange     '0.3.5',
236 silly addNameRange     '0.3.6',
236 silly addNameRange     '0.3.7',
236 silly addNameRange     '0.4.0',
236 silly addNameRange     '0.4.1',
236 silly addNameRange     '0.4.2',
236 silly addNameRange     '0.4.3',
236 silly addNameRange     '0.4.4',
236 silly addNameRange     '0.4.5',
236 silly addNameRange     '0.5.1',
236 silly addNameRange     '0.5.2',
236 silly addNameRange     '0.5.3',
236 silly addNameRange     '0.5.4',
236 silly addNameRange     '0.5.5',
236 silly addNameRange     '0.5.6',
236 silly addNameRange     '0.6.0',
236 silly addNameRange     '0.6.1',
236 silly addNameRange     '0.6.2',
236 silly addNameRange     '0.7.0',
236 silly addNameRange     '0.7.1',
236 silly addNameRange     '0.7.2',
236 silly addNameRange     '0.7.3',
236 silly addNameRange     '0.7.4',
236 silly addNameRange     '0.8.0',
236 silly addNameRange     '0.8.1',
236 silly addNameRange     '0.9.0-beta1',
236 silly addNameRange     '0.9.0',
236 silly addNameRange     '0.9.1',
236 silly addNameRange     '1.0.0',
236 silly addNameRange     '1.0.1',
236 silly addNameRange     '1.0.2',
236 silly addNameRange     '1.0.3',
236 silly addNameRange     '1.1.0',
236 silly addNameRange     '1.1.1',
236 silly addNameRange     '1.1.2',
236 silly addNameRange     '1.2.0',
236 silly addNameRange     '1.2.1',
236 silly addNameRange     '1.2.2',
236 silly addNameRange     '1.3.0',
236 silly addNameRange     '1.3.1',
236 silly addNameRange     '1.3.2',
236 silly addNameRange     '1.3.3',
236 silly addNameRange     '1.3.4',
236 silly addNameRange     '1.4.0',
236 silly addNameRange     '1.4.1',
236 silly addNameRange     '1.4.2',
236 silly addNameRange     '1.4.3',
236 silly addNameRange     '1.4.4',
236 silly addNameRange     '1.4.5',
236 silly addNameRange     '1.5.0',
236 silly addNameRange     '1.5.1',
236 silly addNameRange     '1.5.2',
236 silly addNameRange     '1.5.3',
236 silly addNameRange     '1.5.4',
236 silly addNameRange     '1.6.0',
236 silly addNameRange     '1.6.1',
236 silly addNameRange     '1.6.2',
236 silly addNameRange     '1.6.3',
236 silly addNameRange     '1.6.4',
236 silly addNameRange     '1.6.5',
236 silly addNameRange     '1.6.6',
236 silly addNameRange     '1.6.7',
236 silly addNameRange     '1.7.0',
236 silly addNameRange     '1.7.1',
236 silly addNameRange     '1.7.2',
236 silly addNameRange     '1.7.3',
236 silly addNameRange     '1.7.4',
236 silly addNameRange     '1.7.5',
236 silly addNameRange     '1.7.6',
236 silly addNameRange     '1.7.7',
236 silly addNameRange     '1.7.8',
236 silly addNameRange     '1.7.9',
236 silly addNameRange     '1.7.10',
236 silly addNameRange     '1.7.12',
236 silly addNameRange     '1.7.13',
236 silly addNameRange     '1.7.14',
236 silly addNameRange     '1.7.15',
236 silly addNameRange     '1.7.16',
236 silly addNameRange     '1.7.17',
236 silly addNameRange     '1.7.18',
236 silly addNameRange     '1.7.19',
236 silly addNameRange     '1.7.20',
236 silly addNameRange     '1.8.0',
236 silly addNameRange     '1.8.1',
236 silly addNameRange     '1.8.2',
236 silly addNameRange     '1.8.3',
236 silly addNameRange     '1.8.4',
236 silly addNameRange     '1.8.5',
236 silly addNameRange     '2.0.0',
236 silly addNameRange     '2.0.1',
236 silly addNameRange     '2.0.2',
236 silly addNameRange     '2.0.3',
236 silly addNameRange     '2.0.4',
236 silly addNameRange     '2.1.0',
236 silly addNameRange     '2.1.1',
236 silly addNameRange     '2.1.2',
236 silly addNameRange     '2.1.3',
236 silly addNameRange     '2.2.0',
236 silly addNameRange     '2.2.1',
236 silly addNameRange     '2.2.2',
236 silly addNameRange     '2.2.3',
236 silly addNameRange     '2.3.0',
236 silly addNameRange     '2.3.1',
236 silly addNameRange     '2.3.2',
236 silly addNameRange     '2.4.0',
236 silly addNameRange     '2.4.1',
236 silly addNameRange     '2.4.2' ] ]
237 silly addNamed brunch@2.1.3
238 verbose addNamed "2.1.3" is a plain semver version for brunch
239 silly cache afterAdd brunch@2.1.3
240 verbose afterAdd /Users/tterrell/.npm/brunch/2.1.3/package/package.json not in flight; writing
241 verbose afterAdd /Users/tterrell/.npm/brunch/2.1.3/package/package.json written
242 silly rollbackFailedOptional Starting
243 silly rollbackFailedOptional Finishing
244 silly runTopLevelLifecycles Starting
245 silly runTopLevelLifecycles Finishing
246 silly install printInstalled
247 verbose stack Error: ENOENT: no such file or directory, open '/Users/tterrell/Projects/iiifworks/deps/phoenix'
247 verbose stack     at Error (native)
248 verbose cwd /Users/tterrell/Projects/iiifworks/apps/iiif_works
249 error Darwin 14.5.0
250 error argv "/usr/local/Cellar/node/5.5.0/bin/node" "/usr/local/bin/npm" "install"
251 error node v5.5.0
252 error npm  v3.5.3
253 error path /Users/tterrell/Projects/iiifworks/deps/phoenix
254 error code ENOENT
255 error errno -2
256 error syscall open
257 error enoent ENOENT: no such file or directory, open '/Users/tterrell/Projects/iiifworks/deps/phoenix'
258 error enoent ENOENT: no such file or directory, open '/Users/tterrell/Projects/iiifworks/deps/phoenix'
258 error enoent This is most likely not a problem with npm itself
258 error enoent and is related to npm not being able to find a file.
259 verbose exit [ -2, true ]
